# JRE version: Java(TM) SE Runtime Environment (8.0_241-b07) (build 1.8.0_241-b07)
# Java VM: Java HotSpot(TM) 64-Bit Server VM (25.241-b07 mixed mode windows-amd64 compressed oops)
Heap:
 PSYoungGen      total 81408K, used 18792K [0x00000000d5f00000, 0x00000000dd300000, 0x0000000100000000)
  eden space 70144K, 22% used [0x00000000d5f00000,0x00000000d6ebae00,0x00000000da380000)
  from space 11264K, 23% used [0x00000000da380000,0x00000000da61f490,0x00000000dae80000)
  to   space 11776K, 0% used [0x00000000dc780000,0x00000000dc780000,0x00000000dd300000)
 ParOldGen       total 63488K, used 11533K [0x0000000081c00000, 0x0000000085a00000, 0x00000000d5f00000)
  object space 63488K, 18% used [0x0000000081c00000,0x0000000082743590,0x0000000085a00000)
 Metaspace       used 33051K, capacity 35075K, committed 35376K, reserved 1079296K
  class space    used 4265K, capacity 4602K, committed 4656K, reserved 1048576K
GC Heap History (10 events):
Event: 2.268 GC heap before
{Heap before GC invocations=5 (full 1):
 PSYoungGen      total 38400K, used 33280K [0x00000000d5f00000, 0x00000000daa00000, 0x0000000100000000)
  eden space 33280K, 100% used [0x00000000d5f00000,0x00000000d7f80000,0x00000000d7f80000)
  from space 5120K, 0% used [0x00000000d7f80000,0x00000000d7f80000,0x00000000d8480000)
  to   space 5120K, 0% used [0x00000000da500000,0x00000000da500000,0x00000000daa00000)
 ParOldGen       total 63488K, used 8817K [0x0000000081c00000, 0x0000000085a00000, 0x00000000d5f00000)
  object space 63488K, 13% used [0x0000000081c00000,0x000000008249c4f8,0x0000000085a00000)
 Metaspace       used 22702K, capacity 23581K, committed 23728K, reserved 1069056K
  class space    used 2948K, capacity 3159K, committed 3248K, reserved 1048576K
Event: 2.274 GC heap after
Heap after GC invocations=5 (full 1):
 PSYoungGen      total 53248K, used 3997K [0x00000000d5f00000, 0x00000000da900000, 0x0000000100000000)
  eden space 49152K, 0% used [0x00000000d5f00000,0x00000000d5f00000,0x00000000d8f00000)
  from space 4096K, 97% used [0x00000000da500000,0x00000000da8e75f0,0x00000000da900000)
  to   space 5120K, 0% used [0x00000000d9f00000,0x00000000d9f00000,0x00000000da400000)
 ParOldGen       total 63488K, used 8825K [0x0000000081c00000, 0x0000000085a00000, 0x00000000d5f00000)
  object space 63488K, 13% used [0x0000000081c00000,0x000000008249e4f8,0x0000000085a00000)
 Metaspace       used 22702K, capacity 23581K, committed 23728K, reserved 1069056K
  class space    used 2948K, capacity 3159K, committed 3248K, reserved 1048576K
}
Event: 3.816 GC heap before
{Heap before GC invocations=6 (full 1):
 PSYoungGen      total 53248K, used 53149K [0x00000000d5f00000, 0x00000000da900000, 0x0000000100000000)
  eden space 49152K, 100% used [0x00000000d5f00000,0x00000000d8f00000,0x00000000d8f00000)
  from space 4096K, 97% used [0x00000000da500000,0x00000000da8e75f0,0x00000000da900000)
  to   space 5120K, 0% used [0x00000000d9f00000,0x00000000d9f00000,0x00000000da400000)
 ParOldGen       total 63488K, used 8825K [0x0000000081c00000, 0x0000000085a00000, 0x00000000d5f00000)
  object space 63488K, 13% used [0x0000000081c00000,0x000000008249e4f8,0x0000000085a00000)
 Metaspace       used 28959K, capacity 30445K, committed 30768K, reserved 1075200K
  class space    used 3771K, capacity 4040K, committed 4144K, reserved 1048576K
Event: 3.826 GC heap after
Heap after GC invocations=6 (full 1):
 PSYoungGen      total 70656K, used 5119K [0x00000000d5f00000, 0x00000000db980000, 0x0000000100000000)
  eden space 65536K, 0% used [0x00000000d5f00000,0x00000000d5f00000,0x00000000d9f00000)
  from space 5120K, 99% used [0x00000000d9f00000,0x00000000da3ffcb8,0x00000000da400000)
  to   space 11264K, 0% used [0x00000000dae80000,0x00000000dae80000,0x00000000db980000)
 ParOldGen       total 63488K, used 12511K [0x0000000081c00000, 0x0000000085a00000, 0x00000000d5f00000)
  object space 63488K, 19% used [0x0000000081c00000,0x0000000082837e40,0x0000000085a00000)
 Metaspace       used 28959K, capacity 30445K, committed 30768K, reserved 1075200K
  class space    used 3771K, capacity 4040K, committed 4144K, reserved 1048576K
}
Event: 26.168 GC heap before
{Heap before GC invocations=7 (full 1):
 PSYoungGen      total 70656K, used 38756K [0x00000000d5f00000, 0x00000000db980000, 0x0000000100000000)
  eden space 65536K, 51% used [0x00000000d5f00000,0x00000000d7fd95c0,0x00000000d9f00000)
  from space 5120K, 99% used [0x00000000d9f00000,0x00000000da3ffcb8,0x00000000da400000)
  to   space 11264K, 0% used [0x00000000dae80000,0x00000000dae80000,0x00000000db980000)
 ParOldGen       total 63488K, used 12511K [0x0000000081c00000, 0x0000000085a00000, 0x00000000d5f00000)
  object space 63488K, 19% used [0x0000000081c00000,0x0000000082837e40,0x0000000085a00000)
 Metaspace       used 32553K, capacity 34425K, committed 34608K, reserved 1079296K
  class space    used 4253K, capacity 4583K, committed 4656K, reserved 1048576K
Event: 26.189 GC heap after
Heap after GC invocations=7 (full 1):
 PSYoungGen      total 81408K, used 8300K [0x00000000d5f00000, 0x00000000db980000, 0x0000000100000000)
  eden space 70144K, 0% used [0x00000000d5f00000,0x00000000d5f00000,0x00000000da380000)
  from space 11264K, 73% used [0x00000000dae80000,0x00000000db69b118,0x00000000db980000)
  to   space 11264K, 0% used [0x00000000da380000,0x00000000da380000,0x00000000dae80000)
 ParOldGen       total 63488K, used 12519K [0x0000000081c00000, 0x0000000085a00000, 0x00000000d5f00000)
  object space 63488K, 19% used [0x0000000081c00000,0x0000000082839e40,0x0000000085a00000)
 Metaspace       used 32553K, capacity 34425K, committed 34608K, reserved 1079296K
  class space    used 4253K, capacity 4583K, committed 4656K, reserved 1048576K
}
Event: 26.189 GC heap before
{Heap before GC invocations=8 (full 2):
 PSYoungGen      total 81408K, used 8300K [0x00000000d5f00000, 0x00000000db980000, 0x0000000100000000)
  eden space 70144K, 0% used [0x00000000d5f00000,0x00000000d5f00000,0x00000000da380000)
  from space 11264K, 73% used [0x00000000dae80000,0x00000000db69b118,0x00000000db980000)
  to   space 11264K, 0% used [0x00000000da380000,0x00000000da380000,0x00000000dae80000)
 ParOldGen       total 63488K, used 12519K [0x0000000081c00000, 0x0000000085a00000, 0x00000000d5f00000)
  object space 63488K, 19% used [0x0000000081c00000,0x0000000082839e40,0x0000000085a00000)
 Metaspace       used 32553K, capacity 34425K, committed 34608K, reserved 1079296K
  class space    used 4253K, capacity 4583K, committed 4656K, reserved 1048576K
Event: 26.255 GC heap after
Heap after GC invocations=8 (full 2):
 PSYoungGen      total 81408K, used 0K [0x00000000d5f00000, 0x00000000db980000, 0x0000000100000000)
  eden space 70144K, 0% used [0x00000000d5f00000,0x00000000d5f00000,0x00000000da380000)
  from space 11264K, 0% used [0x00000000dae80000,0x00000000dae80000,0x00000000db980000)
  to   space 11264K, 0% used [0x00000000da380000,0x00000000da380000,0x00000000dae80000)
 ParOldGen       total 63488K, used 11525K [0x0000000081c00000, 0x0000000085a00000, 0x00000000d5f00000)
  object space 63488K, 18% used [0x0000000081c00000,0x0000000082741590,0x0000000085a00000)
 Metaspace       used 32553K, capacity 34425K, committed 34608K, reserved 1079296K
  class space    used 4253K, capacity 4583K, committed 4656K, reserved 1048576K
}
Event: 1858.254 GC heap before
{Heap before GC invocations=9 (full 2):
 PSYoungGen      total 81408K, used 70144K [0x00000000d5f00000, 0x00000000db980000, 0x0000000100000000)
  eden space 70144K, 100% used [0x00000000d5f00000,0x00000000da380000,0x00000000da380000)
  from space 11264K, 0% used [0x00000000dae80000,0x00000000dae80000,0x00000000db980000)
  to   space 11264K, 0% used [0x00000000da380000,0x00000000da380000,0x00000000dae80000)
 ParOldGen       total 63488K, used 11525K [0x0000000081c00000, 0x0000000085a00000, 0x00000000d5f00000)
  object space 63488K, 18% used [0x0000000081c00000,0x0000000082741590,0x0000000085a00000)
 Metaspace       used 33028K, capacity 35011K, committed 35120K, reserved 1079296K
  class space    used 4265K, capacity 4602K, committed 4656K, reserved 1048576K
Event: 1858.262 GC heap after
Heap after GC invocations=9 (full 2):
 PSYoungGen      total 81408K, used 2685K [0x00000000d5f00000, 0x00000000dd300000, 0x0000000100000000)
  eden space 70144K, 0% used [0x00000000d5f00000,0x00000000d5f00000,0x00000000da380000)
  from space 11264K, 23% used [0x00000000da380000,0x00000000da61f490,0x00000000dae80000)
  to   space 11776K, 0% used [0x00000000dc780000,0x00000000dc780000,0x00000000dd300000)
 ParOldGen       total 63488K, used 11533K [0x0000000081c00000, 0x0000000085a00000, 0x00000000d5f00000)
  object space 63488K, 18% used [0x0000000081c00000,0x0000000082743590,0x0000000085a00000)
 Metaspace       used 33028K, capacity 35011K, committed 35120K, reserved 1079296K
  class space    used 4265K, capacity 4602K, committed 4656K, reserved 1048576K
}

